TN:
SF:src/app.module.ts
FNF:0
FNH:0
DA:1,0
DA:2,0
DA:3,0
DA:4,0
DA:5,0
DA:6,0
DA:7,0
DA:8,0
DA:9,0
DA:10,0
DA:11,0
DA:12,0
DA:31,0
LF:13
LH:0
BRF:0
BRH:0
end_of_record
TN:
SF:src/main.ts
FN:5,bootstrap
FNF:1
FNH:0
FNDA:0,bootstrap
DA:1,0
DA:2,0
DA:3,0
DA:6,0
DA:7,0
DA:9,0
DA:10,0
DA:13,0
LF:8
LH:0
BRDA:7,0,0,0
BRDA:7,0,1,0
BRF:2
BRH:0
end_of_record
TN:
SF:src/application/application.module.ts
FNF:0
FNH:0
DA:1,0
DA:2,0
DA:3,0
DA:4,0
DA:5,0
DA:12,0
LF:6
LH:0
BRF:0
BRH:0
end_of_record
TN:
SF:src/application/application.resolver.ts
FN:7,(anonymous_4)
FN:10,(anonymous_5)
FN:15,(anonymous_6)
FN:20,(anonymous_7)
FN:9,(anonymous_8)
FN:14,(anonymous_9)
FN:15,(anonymous_10)
FN:19,(anonymous_11)
FN:5,(anonymous_12)
FNF:9
FNH:5
FNDA:4,(anonymous_4)
FNDA:1,(anonymous_5)
FNDA:1,(anonymous_6)
FNDA:1,(anonymous_7)
FNDA:0,(anonymous_8)
FNDA:0,(anonymous_9)
FNDA:0,(anonymous_10)
FNDA:0,(anonymous_11)
FNDA:2,(anonymous_12)
DA:1,1
DA:2,1
DA:3,1
DA:5,2
DA:6,1
DA:7,4
DA:9,0
DA:10,1
DA:11,1
DA:14,0
DA:15,1
DA:16,1
DA:19,0
DA:20,1
DA:23,1
LF:15
LH:12
BRF:0
BRH:0
end_of_record
TN:
SF:src/application/application.service.ts
FN:8,(anonymous_4)
FN:13,(anonymous_5)
FN:19,(anonymous_6)
FN:35,(anonymous_7)
FNF:4
FNH:4
FNDA:4,(anonymous_4)
FNDA:1,(anonymous_5)
FNDA:1,(anonymous_6)
FNDA:1,(anonymous_7)
DA:1,2
DA:2,2
DA:3,2
DA:4,2
DA:7,2
DA:10,4
DA:14,1
DA:20,1
DA:36,1
LF:9
LH:9
BRF:0
BRH:0
end_of_record
TN:
SF:src/asset/asset.module.ts
FNF:0
FNH:0
DA:1,0
DA:2,0
DA:3,0
DA:4,0
DA:5,0
DA:12,0
LF:6
LH:0
BRF:0
BRH:0
end_of_record
TN:
SF:src/asset/asset.resolver.ts
FN:9,(anonymous_4)
FN:12,(anonymous_5)
FN:17,(anonymous_6)
FN:22,(anonymous_7)
FN:29,(anonymous_8)
FN:36,(anonymous_9)
FN:43,(anonymous_10)
FN:50,(anonymous_11)
FN:11,(anonymous_12)
FN:16,(anonymous_13)
FN:17,(anonymous_14)
FN:21,(anonymous_15)
FN:23,(anonymous_16)
FN:28,(anonymous_17)
FN:35,(anonymous_18)
FN:42,(anonymous_19)
FN:49,(anonymous_20)
FN:50,(anonymous_21)
FN:7,(anonymous_22)
FNF:19
FNH:9
FNDA:9,(anonymous_4)
FNDA:1,(anonymous_5)
FNDA:1,(anonymous_6)
FNDA:1,(anonymous_7)
FNDA:1,(anonymous_8)
FNDA:1,(anonymous_9)
FNDA:1,(anonymous_10)
FNDA:2,(anonymous_11)
FNDA:0,(anonymous_12)
FNDA:0,(anonymous_13)
FNDA:0,(anonymous_14)
FNDA:0,(anonymous_15)
FNDA:0,(anonymous_16)
FNDA:0,(anonymous_17)
FNDA:0,(anonymous_18)
FNDA:0,(anonymous_19)
FNDA:0,(anonymous_20)
FNDA:0,(anonymous_21)
FNDA:2,(anonymous_22)
DA:1,1
DA:2,1
DA:3,1
DA:4,1
DA:5,1
DA:7,2
DA:8,1
DA:9,9
DA:11,0
DA:12,1
DA:13,1
DA:16,0
DA:17,1
DA:18,1
DA:21,0
DA:22,1
DA:23,0
DA:25,1
DA:28,0
DA:29,1
DA:32,1
DA:35,0
DA:36,1
DA:39,1
DA:42,0
DA:43,1
DA:46,1
DA:49,0
DA:50,1
DA:51,2
LF:30
LH:22
BRF:0
BRH:0
end_of_record
TN:
SF:src/asset/asset.service.ts
FN:10,(anonymous_4)
FN:15,(anonymous_5)
FN:21,(anonymous_6)
FN:28,(anonymous_7)
FN:35,(anonymous_8)
FN:42,(anonymous_9)
FN:48,(anonymous_10)
FN:54,(anonymous_11)
FNF:8
FNH:8
FNDA:9,(anonymous_4)
FNDA:1,(anonymous_5)
FNDA:3,(anonymous_6)
FNDA:1,(anonymous_7)
FNDA:1,(anonymous_8)
FNDA:1,(anonymous_9)
FNDA:1,(anonymous_10)
FNDA:2,(anonymous_11)
DA:1,2
DA:2,2
DA:3,2
DA:4,2
DA:9,2
DA:12,9
DA:16,1
DA:22,3
DA:29,1
DA:36,1
DA:43,1
DA:44,1
DA:45,1
DA:49,1
DA:50,1
DA:51,1
DA:55,2
DA:56,2
LF:18
LH:18
BRF:0
BRH:0
end_of_record
TN:
SF:src/config/database.config.ts
FNF:0
FNH:0
DA:2,0
DA:4,0
LF:2
LH:0
BRDA:6,0,0,0
BRDA:6,0,1,0
BRDA:7,1,0,0
BRDA:7,1,1,0
BRDA:8,2,0,0
BRDA:8,2,1,0
BRDA:9,3,0,0
BRDA:9,3,1,0
BRDA:10,4,0,0
BRDA:10,4,1,0
BRF:10
BRH:0
end_of_record
TN:
SF:src/debt/debt.module.ts
FNF:0
FNH:0
DA:1,0
DA:2,0
DA:3,0
DA:4,0
DA:5,0
DA:12,0
LF:6
LH:0
BRF:0
BRH:0
end_of_record
TN:
SF:src/debt/debt.resolver.ts
FN:9,(anonymous_4)
FN:12,(anonymous_5)
FN:17,(anonymous_6)
FN:22,(anonymous_7)
FN:29,(anonymous_8)
FN:36,(anonymous_9)
FN:43,(anonymous_10)
FN:50,(anonymous_11)
FN:11,(anonymous_12)
FN:16,(anonymous_13)
FN:17,(anonymous_14)
FN:21,(anonymous_15)
FN:23,(anonymous_16)
FN:28,(anonymous_17)
FN:35,(anonymous_18)
FN:42,(anonymous_19)
FN:49,(anonymous_20)
FN:50,(anonymous_21)
FN:7,(anonymous_22)
FNF:19
FNH:9
FNDA:9,(anonymous_4)
FNDA:1,(anonymous_5)
FNDA:1,(anonymous_6)
FNDA:1,(anonymous_7)
FNDA:1,(anonymous_8)
FNDA:1,(anonymous_9)
FNDA:1,(anonymous_10)
FNDA:2,(anonymous_11)
FNDA:0,(anonymous_12)
FNDA:0,(anonymous_13)
FNDA:0,(anonymous_14)
FNDA:0,(anonymous_15)
FNDA:0,(anonymous_16)
FNDA:0,(anonymous_17)
FNDA:0,(anonymous_18)
FNDA:0,(anonymous_19)
FNDA:0,(anonymous_20)
FNDA:0,(anonymous_21)
FNDA:2,(anonymous_22)
DA:1,1
DA:2,1
DA:3,1
DA:4,1
DA:5,1
DA:7,2
DA:8,1
DA:9,9
DA:11,0
DA:12,1
DA:13,1
DA:16,0
DA:17,1
DA:18,1
DA:21,0
DA:22,1
DA:23,0
DA:25,1
DA:28,0
DA:29,1
DA:32,1
DA:35,0
DA:36,1
DA:39,1
DA:42,0
DA:43,1
DA:46,1
DA:49,0
DA:50,1
DA:51,2
LF:30
LH:22
BRF:0
BRH:0
end_of_record
TN:
SF:src/debt/debt.service.ts
FN:10,(anonymous_4)
FN:15,(anonymous_5)
FN:21,(anonymous_6)
FN:28,(anonymous_7)
FN:35,(anonymous_8)
FN:42,(anonymous_9)
FN:48,(anonymous_10)
FN:54,(anonymous_11)
FNF:8
FNH:8
FNDA:9,(anonymous_4)
FNDA:1,(anonymous_5)
FNDA:3,(anonymous_6)
FNDA:1,(anonymous_7)
FNDA:1,(anonymous_8)
FNDA:1,(anonymous_9)
FNDA:1,(anonymous_10)
FNDA:2,(anonymous_11)
DA:1,2
DA:2,2
DA:3,2
DA:4,2
DA:9,2
DA:12,9
DA:16,1
DA:22,3
DA:29,1
DA:36,1
DA:43,1
DA:44,1
DA:45,1
DA:49,1
DA:50,1
DA:51,1
DA:55,2
DA:56,2
LF:18
LH:18
BRF:0
BRH:0
end_of_record
TN:
SF:src/entity/entity.module.ts
FNF:0
FNH:0
DA:1,0
DA:2,0
DA:3,0
DA:4,0
DA:5,0
DA:12,0
LF:6
LH:0
BRF:0
BRH:0
end_of_record
TN:
SF:src/entity/entity.resolver.ts
FN:7,(anonymous_4)
FN:10,(anonymous_5)
FN:15,(anonymous_6)
FN:20,(anonymous_7)
FN:9,(anonymous_8)
FN:14,(anonymous_9)
FN:19,(anonymous_10)
FN:5,(anonymous_11)
FNF:8
FNH:0
FNDA:0,(anonymous_4)
FNDA:0,(anonymous_5)
FNDA:0,(anonymous_6)
FNDA:0,(anonymous_7)
FNDA:0,(anonymous_8)
FNDA:0,(anonymous_9)
FNDA:0,(anonymous_10)
FNDA:0,(anonymous_11)
DA:1,0
DA:2,0
DA:3,0
DA:5,0
DA:6,0
DA:7,0
DA:9,0
DA:10,0
DA:11,0
DA:14,0
DA:15,0
DA:16,0
DA:19,0
DA:20,0
DA:23,0
LF:15
LH:0
BRF:0
BRH:0
end_of_record
TN:
SF:src/entity/entity.service.ts
FN:8,(anonymous_4)
FN:13,(anonymous_5)
FN:19,(anonymous_6)
FN:26,(anonymous_7)
FNF:4
FNH:0
FNDA:0,(anonymous_4)
FNDA:0,(anonymous_5)
FNDA:0,(anonymous_6)
FNDA:0,(anonymous_7)
DA:1,0
DA:2,0
DA:3,0
DA:4,0
DA:7,0
DA:10,0
DA:14,0
DA:20,0
DA:27,0
LF:9
LH:0
BRF:0
BRH:0
end_of_record
TN:
SF:src/graphql/dto/create-asset.input.ts
FN:5,(anonymous_2)
FN:11,(anonymous_3)
FN:14,(anonymous_4)
FN:17,(anonymous_5)
FN:20,(anonymous_6)
FNF:5
FNH:0
FNDA:0,(anonymous_2)
FNDA:0,(anonymous_3)
FNDA:0,(anonymous_4)
FNDA:0,(anonymous_5)
FNDA:0,(anonymous_6)
DA:1,2
DA:4,2
DA:5,0
DA:6,2
DA:9,2
DA:11,0
DA:12,2
DA:14,0
DA:15,2
DA:17,0
DA:18,2
DA:20,0
DA:21,2
LF:13
LH:8
BRF:0
BRH:0
end_of_record
TN:
SF:src/graphql/dto/create-debt.input.ts
FN:5,(anonymous_2)
FN:11,(anonymous_3)
FN:14,(anonymous_4)
FN:17,(anonymous_5)
FN:20,(anonymous_6)
FN:23,(anonymous_7)
FN:26,(anonymous_8)
FN:29,(anonymous_9)
FN:32,(anonymous_10)
FN:35,(anonymous_11)
FN:38,(anonymous_12)
FN:41,(anonymous_13)
FN:44,(anonymous_14)
FNF:13
FNH:0
FNDA:0,(anonymous_2)
FNDA:0,(anonymous_3)
FNDA:0,(anonymous_4)
FNDA:0,(anonymous_5)
FNDA:0,(anonymous_6)
FNDA:0,(anonymous_7)
FNDA:0,(anonymous_8)
FNDA:0,(anonymous_9)
FNDA:0,(anonymous_10)
FNDA:0,(anonymous_11)
FNDA:0,(anonymous_12)
FNDA:0,(anonymous_13)
FNDA:0,(anonymous_14)
DA:1,2
DA:4,2
DA:5,0
DA:6,2
DA:9,2
DA:11,0
DA:12,2
DA:14,0
DA:15,2
DA:17,0
DA:18,2
DA:20,0
DA:21,2
DA:23,0
DA:24,2
DA:26,0
DA:27,2
DA:29,0
DA:30,2
DA:32,0
DA:33,2
DA:35,0
DA:36,2
DA:38,0
DA:39,2
DA:41,0
DA:42,2
DA:44,0
DA:45,2
LF:29
LH:16
BRF:0
BRH:0
end_of_record
TN:
SF:src/graphql/dto/create-income.input.ts
FN:5,(anonymous_2)
FN:14,(anonymous_3)
FN:17,(anonymous_4)
FNF:3
FNH:0
FNDA:0,(anonymous_2)
FNDA:0,(anonymous_3)
FNDA:0,(anonymous_4)
DA:1,1
DA:4,1
DA:5,0
DA:6,1
DA:9,1
DA:12,1
DA:14,0
DA:15,1
DA:17,0
DA:18,1
LF:10
LH:7
BRF:0
BRH:0
end_of_record
TN:
SF:src/graphql/dto/index.ts
FNF:0
FNH:0
DA:2,1
DA:3,1
DA:4,1
DA:5,1
DA:6,1
DA:7,1
DA:9,1
LF:7
LH:7
BRF:0
BRH:0
end_of_record
TN:
SF:src/graphql/dto/update-asset.input.ts
FN:5,(anonymous_2)
FN:8,(anonymous_3)
FN:11,(anonymous_4)
FN:14,(anonymous_5)
FN:17,(anonymous_6)
FN:20,(anonymous_7)
FNF:6
FNH:0
FNDA:0,(anonymous_2)
FNDA:0,(anonymous_3)
FNDA:0,(anonymous_4)
FNDA:0,(anonymous_5)
FNDA:0,(anonymous_6)
FNDA:0,(anonymous_7)
DA:1,2
DA:4,2
DA:5,0
DA:6,2
DA:8,0
DA:9,2
DA:11,0
DA:12,2
DA:14,0
DA:15,2
DA:17,0
DA:18,2
DA:20,0
DA:21,2
LF:14
LH:8
BRF:0
BRH:0
end_of_record
TN:
SF:src/graphql/dto/update-debt.input.ts
FN:5,(anonymous_2)
FN:8,(anonymous_3)
FN:11,(anonymous_4)
FN:14,(anonymous_5)
FN:17,(anonymous_6)
FN:20,(anonymous_7)
FN:23,(anonymous_8)
FN:26,(anonymous_9)
FN:29,(anonymous_10)
FN:32,(anonymous_11)
FN:35,(anonymous_12)
FN:38,(anonymous_13)
FN:41,(anonymous_14)
FN:44,(anonymous_15)
FNF:14
FNH:0
FNDA:0,(anonymous_2)
FNDA:0,(anonymous_3)
FNDA:0,(anonymous_4)
FNDA:0,(anonymous_5)
FNDA:0,(anonymous_6)
FNDA:0,(anonymous_7)
FNDA:0,(anonymous_8)
FNDA:0,(anonymous_9)
FNDA:0,(anonymous_10)
FNDA:0,(anonymous_11)
FNDA:0,(anonymous_12)
FNDA:0,(anonymous_13)
FNDA:0,(anonymous_14)
FNDA:0,(anonymous_15)
DA:1,2
DA:4,2
DA:5,0
DA:6,2
DA:8,0
DA:9,2
DA:11,0
DA:12,2
DA:14,0
DA:15,2
DA:17,0
DA:18,2
DA:20,0
DA:21,2
DA:23,0
DA:24,2
DA:26,0
DA:27,2
DA:29,0
DA:30,2
DA:32,0
DA:33,2
DA:35,0
DA:36,2
DA:38,0
DA:39,2
DA:41,0
DA:42,2
DA:44,0
DA:45,2
LF:30
LH:16
BRF:0
BRH:0
end_of_record
TN:
SF:src/graphql/dto/update-income.input.ts
FN:5,(anonymous_2)
FN:8,(anonymous_3)
FN:11,(anonymous_4)
FN:14,(anonymous_5)
FN:17,(anonymous_6)
FNF:5
FNH:0
FNDA:0,(anonymous_2)
FNDA:0,(anonymous_3)
FNDA:0,(anonymous_4)
FNDA:0,(anonymous_5)
FNDA:0,(anonymous_6)
DA:1,1
DA:4,1
DA:5,0
DA:6,1
DA:8,0
DA:9,1
DA:11,0
DA:12,1
DA:14,0
DA:15,1
DA:17,0
DA:18,1
LF:12
LH:7
BRF:0
BRH:0
end_of_record
TN:
SF:src/graphql/resolvers/index.ts
FNF:0
FNH:0
DA:1,0
DA:2,0
DA:3,0
DA:4,0
DA:5,0
DA:7,0
LF:6
LH:0
BRF:0
BRH:0
end_of_record
TN:
SF:src/graphql/scalars/datetime.scalar.ts
FN:5,(anonymous_1)
FN:8,(anonymous_2)
FN:12,(anonymous_3)
FN:16,(anonymous_4)
FN:4,(anonymous_5)
FNF:5
FNH:0
FNDA:0,(anonymous_1)
FNDA:0,(anonymous_2)
FNDA:0,(anonymous_3)
FNDA:0,(anonymous_4)
FNDA:0,(anonymous_5)
DA:1,0
DA:2,0
DA:4,0
DA:5,0
DA:6,0
DA:9,0
DA:13,0
DA:17,0
DA:18,0
DA:20,0
LF:10
LH:0
BRDA:13,0,0,0
BRDA:13,0,1,0
BRDA:17,1,0,0
BRDA:17,2,0,0
BRDA:17,2,1,0
BRF:5
BRH:0
end_of_record
TN:
SF:src/graphql/scalars/index.ts
FNF:0
FNH:0
DA:1,0
DA:3,0
DA:7,0
LF:3
LH:0
BRF:0
BRH:0
end_of_record
TN:
SF:src/income/income.module.ts
FNF:0
FNH:0
DA:1,0
DA:2,0
DA:3,0
DA:4,0
DA:5,0
DA:12,0
LF:6
LH:0
BRF:0
BRH:0
end_of_record
TN:
SF:src/income/income.resolver.ts
FN:8,(anonymous_4)
FN:11,(anonymous_5)
FN:16,(anonymous_6)
FN:21,(anonymous_7)
FN:28,(anonymous_8)
FN:35,(anonymous_9)
FN:42,(anonymous_10)
FN:50,(anonymous_11)
FN:57,(anonymous_12)
FN:10,(anonymous_13)
FN:15,(anonymous_14)
FN:16,(anonymous_15)
FN:20,(anonymous_16)
FN:22,(anonymous_17)
FN:27,(anonymous_18)
FN:34,(anonymous_19)
FN:41,(anonymous_20)
FN:49,(anonymous_21)
FN:56,(anonymous_22)
FN:57,(anonymous_23)
FN:6,(anonymous_24)
FNF:21
FNH:10
FNDA:10,(anonymous_4)
FNDA:1,(anonymous_5)
FNDA:1,(anonymous_6)
FNDA:1,(anonymous_7)
FNDA:1,(anonymous_8)
FNDA:1,(anonymous_9)
FNDA:1,(anonymous_10)
FNDA:1,(anonymous_11)
FNDA:2,(anonymous_12)
FNDA:0,(anonymous_13)
FNDA:0,(anonymous_14)
FNDA:0,(anonymous_15)
FNDA:0,(anonymous_16)
FNDA:0,(anonymous_17)
FNDA:0,(anonymous_18)
FNDA:0,(anonymous_19)
FNDA:0,(anonymous_20)
FNDA:0,(anonymous_21)
FNDA:0,(anonymous_22)
FNDA:0,(anonymous_23)
FNDA:2,(anonymous_24)
DA:1,1
DA:2,1
DA:3,1
DA:4,1
DA:6,2
DA:7,1
DA:8,10
DA:10,0
DA:11,1
DA:12,1
DA:15,0
DA:16,1
DA:17,1
DA:20,0
DA:21,1
DA:22,0
DA:24,1
DA:27,0
DA:28,1
DA:31,1
DA:34,0
DA:35,1
DA:38,1
DA:41,0
DA:42,1
DA:45,1
DA:46,1
DA:49,0
DA:50,1
DA:53,1
DA:56,0
DA:57,1
DA:58,2
LF:33
LH:24
BRF:0
BRH:0
end_of_record
TN:
SF:src/income/income.service.ts
FN:10,(anonymous_4)
FN:15,(anonymous_5)
FN:21,(anonymous_6)
FN:28,(anonymous_7)
FN:35,(anonymous_8)
FN:42,(anonymous_9)
FN:49,(anonymous_10)
FN:54,(anonymous_11)
FN:60,(anonymous_12)
FNF:9
FNH:9
FNDA:10,(anonymous_4)
FNDA:1,(anonymous_5)
FNDA:3,(anonymous_6)
FNDA:1,(anonymous_7)
FNDA:1,(anonymous_8)
FNDA:1,(anonymous_9)
FNDA:1,(anonymous_10)
FNDA:1,(anonymous_11)
FNDA:2,(anonymous_12)
DA:1,2
DA:2,2
DA:3,2
DA:4,2
DA:9,2
DA:12,10
DA:16,1
DA:22,3
DA:29,1
DA:36,1
DA:43,1
DA:50,1
DA:51,1
DA:55,1
DA:56,1
DA:57,1
DA:61,2
DA:62,2
LF:18
LH:18
BRF:0
BRH:0
end_of_record
TN:
SF:src/models/application.model.ts
FN:11,(anonymous_2)
FN:23,(anonymous_3)
FN:24,(anonymous_4)
FN:24,(anonymous_5)
FN:27,(anonymous_6)
FN:28,(anonymous_7)
FN:28,(anonymous_8)
FN:31,(anonymous_9)
FN:32,(anonymous_10)
FN:32,(anonymous_11)
FN:35,(anonymous_12)
FN:36,(anonymous_13)
FNF:12
FNH:0
FNDA:0,(anonymous_2)
FNDA:0,(anonymous_3)
FNDA:0,(anonymous_4)
FNDA:0,(anonymous_5)
FNDA:0,(anonymous_6)
FNDA:0,(anonymous_7)
FNDA:0,(anonymous_8)
FNDA:0,(anonymous_9)
FNDA:0,(anonymous_10)
FNDA:0,(anonymous_11)
FNDA:0,(anonymous_12)
FNDA:0,(anonymous_13)
DA:1,8
DA:2,8
DA:3,8
DA:4,8
DA:5,8
DA:6,8
DA:10,8
DA:11,0
DA:13,8
DA:17,8
DA:21,8
DA:23,0
DA:24,0
DA:25,8
DA:27,0
DA:28,0
DA:29,8
DA:31,0
DA:32,0
DA:33,8
DA:35,0
DA:36,0
DA:38,8
LF:23
LH:14
BRF:0
BRH:0
end_of_record
TN:
SF:src/models/asset.model.ts
FN:9,(anonymous_2)
FN:13,(anonymous_3)
FN:25,(anonymous_4)
FN:37,(anonymous_5)
FN:37,(anonymous_6)
FN:41,(anonymous_7)
FN:41,(anonymous_8)
FNF:7
FNH:0
FNDA:0,(anonymous_2)
FNDA:0,(anonymous_3)
FNDA:0,(anonymous_4)
FNDA:0,(anonymous_5)
FNDA:0,(anonymous_6)
FNDA:0,(anonymous_7)
FNDA:0,(anonymous_8)
DA:1,8
DA:2,8
DA:3,8
DA:4,8
DA:8,8
DA:9,0
DA:11,8
DA:13,0
DA:15,8
DA:19,8
DA:23,8
DA:25,0
DA:27,8
DA:31,8
DA:35,8
DA:37,0
DA:39,8
DA:41,0
DA:43,8
LF:19
LH:14
BRF:0
BRH:0
end_of_record
TN:
SF:src/models/debt.model.ts
FN:9,(anonymous_2)
FN:13,(anonymous_3)
FN:49,(anonymous_4)
FN:53,(anonymous_5)
FN:57,(anonymous_6)
FN:61,(anonymous_7)
FN:65,(anonymous_8)
FN:69,(anonymous_9)
FN:69,(anonymous_10)
FN:73,(anonymous_11)
FN:73,(anonymous_12)
FN:77,(anonymous_13)
FN:78,(anonymous_14)
FN:78,(anonymous_15)
FNF:14
FNH:0
FNDA:0,(anonymous_2)
FNDA:0,(anonymous_3)
FNDA:0,(anonymous_4)
FNDA:0,(anonymous_5)
FNDA:0,(anonymous_6)
FNDA:0,(anonymous_7)
FNDA:0,(anonymous_8)
FNDA:0,(anonymous_9)
FNDA:0,(anonymous_10)
FNDA:0,(anonymous_11)
FNDA:0,(anonymous_12)
FNDA:0,(anonymous_13)
FNDA:0,(anonymous_14)
FNDA:0,(anonymous_15)
DA:1,8
DA:2,8
DA:3,8
DA:4,8
DA:8,8
DA:9,0
DA:11,8
DA:13,0
DA:15,8
DA:19,8
DA:23,8
DA:27,8
DA:31,8
DA:35,8
DA:39,8
DA:43,8
DA:47,8
DA:49,0
DA:51,8
DA:53,0
DA:55,8
DA:57,0
DA:59,8
DA:61,0
DA:63,8
DA:65,0
DA:67,8
DA:69,0
DA:71,8
DA:73,0
DA:75,8
DA:77,0
DA:78,0
DA:80,8
LF:34
LH:23
BRF:0
BRH:0
end_of_record
TN:
SF:src/models/entity.model.ts
FN:10,(anonymous_2)
FN:38,(anonymous_3)
FN:38,(anonymous_4)
FN:41,(anonymous_5)
FN:41,(anonymous_6)
FN:44,(anonymous_7)
FN:44,(anonymous_8)
FN:47,(anonymous_9)
FN:47,(anonymous_10)
FNF:9
FNH:0
FNDA:0,(anonymous_2)
FNDA:0,(anonymous_3)
FNDA:0,(anonymous_4)
FNDA:0,(anonymous_5)
FNDA:0,(anonymous_6)
FNDA:0,(anonymous_7)
FNDA:0,(anonymous_8)
FNDA:0,(anonymous_9)
FNDA:0,(anonymous_10)
DA:1,8
DA:2,8
DA:3,8
DA:4,8
DA:5,8
DA:9,8
DA:10,0
DA:12,8
DA:16,8
DA:20,8
DA:24,8
DA:28,8
DA:32,8
DA:36,8
DA:38,0
DA:39,8
DA:41,0
DA:42,8
DA:44,0
DA:45,8
DA:47,0
DA:48,8
LF:22
LH:17
BRF:0
BRH:0
end_of_record
TN:
SF:src/models/income.model.ts
FN:9,(anonymous_2)
FN:13,(anonymous_3)
FN:25,(anonymous_4)
FN:33,(anonymous_5)
FN:33,(anonymous_6)
FN:37,(anonymous_7)
FN:37,(anonymous_8)
FN:41,(anonymous_9)
FN:42,(anonymous_10)
FN:42,(anonymous_11)
FNF:10
FNH:0
FNDA:0,(anonymous_2)
FNDA:0,(anonymous_3)
FNDA:0,(anonymous_4)
FNDA:0,(anonymous_5)
FNDA:0,(anonymous_6)
FNDA:0,(anonymous_7)
FNDA:0,(anonymous_8)
FNDA:0,(anonymous_9)
FNDA:0,(anonymous_10)
FNDA:0,(anonymous_11)
DA:1,8
DA:2,8
DA:3,8
DA:4,8
DA:8,8
DA:9,0
DA:11,8
DA:13,0
DA:15,8
DA:19,8
DA:23,8
DA:25,0
DA:27,8
DA:31,8
DA:33,0
DA:35,8
DA:37,0
DA:39,8
DA:41,0
DA:42,0
DA:44,8
LF:21
LH:14
BRF:0
BRH:0
end_of_record
TN:
SF:src/models/index.ts
FNF:0
FNH:0
DA:1,0
DA:2,0
DA:3,0
DA:4,0
DA:5,0
LF:5
LH:0
BRF:0
BRH:0
end_of_record
TN:
SF:src/services/index.ts
FNF:0
FNH:0
DA:1,0
DA:4,0
LF:2
LH:0
BRF:0
BRH:0
end_of_record
TN:
SF:src/test/test-utils.ts
FN:9,(anonymous_0)
FN:25,(anonymous_1)
FN:37,(anonymous_2)
FN:51,(anonymous_3)
FN:65,(anonymous_4)
FN:90,(anonymous_5)
FNF:6
FNH:6
FNDA:188,(anonymous_0)
FNDA:75,(anonymous_1)
FNDA:21,(anonymous_2)
FNDA:25,(anonymous_3)
FNDA:21,(anonymous_4)
FNDA:32,(anonymous_5)
DA:9,188
DA:25,75
DA:37,21
DA:51,25
DA:65,21
DA:90,32
LF:6
LH:6
BRF:0
BRH:0
end_of_record
